<?xml version="1.0" encoding="UTF-8"?>
<!-- Generated by org.testng.reporters.JUnitReportReporter -->
<testsuite skipped="0" hostname="RavindraTDV3700LNo06" name="mavenDemoPackage.MavenDemoClass" tests="1" failures="0" timestamp="26 Dec 2018 05:12:40 GMT" time="13.574" errors="0">
  <testcase name="TestFireFox" time="13.574" classname="mavenDemoPackage.MavenDemoClass"/>
</testsuite> <!-- mavenDemoPackage.MavenDemoClass -->
